<?xml version="1.0" encoding="UTF-8"?>
<!-- Generated by org.testng.reporters.JUnitReportReporter -->
<testsuite hostname="DESKTOP-0HJVND9" failures="0" tests="1" name="demoact.practicetest" time="0.024" errors="0" timestamp="2023-01-12T10:50:25 IST" skipped="0">
  <testcase classname="demoact.practicetest" name="demoTest" time="0.024"/>
  <system-out/>
</testsuite> <!-- demoact.practicetest -->
