<?xml version="1.0" encoding="UTF-8"?>
<!-- Generated by org.testng.reporters.JUnitReportReporter -->
<testsuite hostname="DESKTOP-0HJVND9" failures="0" tests="1" name="testng.demotestng" time="0.019" errors="0" timestamp="2023-01-12T12:51:14 IST" skipped="0">
  <testcase classname="testng.demotestng" name="main" time="0.019"/>
  <system-out/>
</testsuite> <!-- testng.demotestng -->
